05:39:35 **** Build of configuration Nios II for project skribblnios_sw ****
make all 
Info: Building ../skribblnios_sw_bsp/
C:/intelFPGA_lite/18.0/nios2eds/bin/gnu/H-x86_64-mingw32/bin/make --no-print-directory -C ../skribblnios_sw_bsp/
[BSP build complete]
Info: Compiling skribblmain.c to obj/default/skribblmain.o
nios2-elf-gcc -xc -MP -MMD -c -I../skribblnios_sw_bsp//HAL/inc -I../skribblnios_sw_bsp/ -I../skribblnios_sw_bsp//drivers/inc  -pipe -D__hal__ -DALT_NO_INSTRUCTION_EMULATION -DALT_SINGLE_THREADED    -O0 -g -Wall   -mno-hw-div -mhw-mul -mno-hw-mulx -mgpopt=global  -o obj/default/skribblmain.o skribblmain.c
skribblmain.c: In function 'eulerAngles':
skribblmain.c:210:17: warning: implicit declaration of function 'atan' [-Wimplicit-function-declaration]
  *xNew = (180 * atan(y_read / sqrt(x2 + z2))) / PI; //Roll
                 ^
skribblmain.c:210:17: warning: incompatible implicit declaration of built-in function 'atan'
skribblmain.c:210:17: note: include '<math.h>' or provide a declaration of 'atan'
skribblmain.c:210:31: warning: implicit declaration of function 'sqrt' [-Wimplicit-function-declaration]
  *xNew = (180 * atan(y_read / sqrt(x2 + z2))) / PI; //Roll
                               ^
skribblmain.c:210:31: warning: incompatible implicit declaration of built-in function 'sqrt'
skribblmain.c:210:31: note: include '<math.h>' or provide a declaration of 'sqrt'
skribblmain.c: In function 'roundLoop':
skribblmain.c:277:10: warning: format '%d' expects argument of type 'int', but argument 2 has type 'alt_32 {aka long int}' [-Wformat=]
   printf("C %d %d\n", xNew, yNew); //Roll and pitch -> x and y
          ^
skribblmain.c:277:10: warning: format '%d' expects argument of type 'int', but argument 3 has type 'alt_32 {aka long int}' [-Wformat=]
skribblmain.c:277:10: warning: format '%d' expects argument of type 'int', but argument 2 has type 'alt_32 {aka long int}' [-Wformat=]
skribblmain.c:277:10: warning: format '%d' expects argument of type 'int', but argument 3 has type 'alt_32 {aka long int}' [-Wformat=]
skribblmain.c:235:6: warning: unused variable 'switchIn' [-Wunused-variable]
  int switchIn = 0;
      ^
skribblmain.c:234:6: warning: unused variable 'buttonIn' [-Wunused-variable]
  int buttonIn = 3; //Buttons are active low
      ^
skribblmain.c:221:6: warning: unused variable 'sampleArrayZ' [-Wunused-variable]
  int sampleArrayZ[DEMEAN_DEPTH] = { 0 };
      ^
skribblmain.c:220:6: warning: unused variable 'sampleArrayY' [-Wunused-variable]
  int sampleArrayY[DEMEAN_DEPTH] = { 0 };
      ^
skribblmain.c:218:6: warning: unused variable 'arrPointer' [-Wunused-variable]
  int arrPointer = 0;
      ^
skribblmain.c: In function 'main':
skribblmain.c:308:11: warning: passing argument 1 of 'sprintf' from incompatible pointer type [-Wincompatible-pointer-types]
   sprintf(scoreStr, "%d-%d", arg1, arg2); //Build score str
           ^
In file included from c:\intelfpga_lite\18.0\nios2eds\bin\gnu\h-x86_64-mingw32\nios2-elf\include\sys\reent.h:13:0,
                 from c:\intelfpga_lite\18.0\nios2eds\bin\gnu\h-x86_64-mingw32\nios2-elf\include\sys\errno.h:16,
                 from c:\intelfpga_lite\18.0\nios2eds\bin\gnu\h-x86_64-mingw32\nios2-elf\include\errno.h:14,
                 from ../skribblnios_sw_bsp//HAL/inc/sys/alt_irq.h:48,
                 from skribblmain.c:5:
c:\intelfpga_lite\18.0\nios2eds\bin\gnu\h-x86_64-mingw32\nios2-elf\include\stdio.h:258:5: note: expected 'char * restrict' but argument is of type 'char **'
 int _EXFUN(sprintf, (char *__restrict, const char *__restrict, ...)
     ^
skribblmain.c:309:14: warning: passing argument 1 of 'writeScore' from incompatible pointer type [-Wincompatible-pointer-types]
   writeScore(scoreStr);
              ^
skribblmain.c:66:6: note: expected 'char *' but argument is of type 'char **'
 void writeScore(char* scoreStr) {
      ^
skribblmain.c:293:6: warning: variable 'roundLength' set but not used [-Wunused-but-set-variable]
  int roundLength, arg1, arg2;
      ^
skribblmain.c:301:14: warning: 'arg1' may be used uninitialized in this function [-Wmaybe-uninitialized]
  roundLength = arg1;  //Length of round will be stored into arg1
              ^
skribblmain.c:308:3: warning: 'arg2' may be used uninitialized in this function [-Wmaybe-uninitialized]
   sprintf(scoreStr, "%d-%d", arg1, arg2); //Build score str
   ^
Info: Linking skribblnios_sw.elf
nios2-elf-g++  -T'../skribblnios_sw_bsp//linker.x' -msys-crt0='../skribblnios_sw_bsp//obj/HAL/src/crt0.o' -msys-lib=hal_bsp -L../skribblnios_sw_bsp/   -Wl,-Map=skribblnios_sw.map   -O0 -g -Wall   -mno-hw-div -mhw-mul -mno-hw-mulx -mgpopt=global  -o skribblnios_sw.elf obj/default/skribblmain.o -lm -msys-lib=m
nios2-elf-insert skribblnios_sw.elf --thread_model hal --cpu_name cpu --qsys true --simulation_enabled false --stderr_dev jtag_uart --stdin_dev jtag_uart --stdout_dev jtag_uart --sopc_system_name NIOSSystem --quartus_project_dir "C:/Users/Shaheen/Documents/InformationProcessing/PROJECT/skribblnios/FPGA" --jdi ../..//output_files/skribblnios.jdi --sopcinfo C:/Users/Shaheen/Documents/InformationProcessing/PROJECT/skribblnios/FPGA/software/skribblnios_sw_bsp/../../NIOSSystem.sopcinfo
Info: (skribblnios_sw.elf) 114 KBytes program size (code + initialized data).
Info:                      65414 KBytes free for stack + heap.
Info: Creating skribblnios_sw.objdump
nios2-elf-objdump --disassemble --syms --all-header --source skribblnios_sw.elf >skribblnios_sw.objdump
[skribblnios_sw build complete]

05:39:38 Build Finished (took 2s.634ms)

